[2026-04-21T16:53:09.056] [DEBUG] debug-file - env: nodejsVersion=v18.20.1
[2026-04-21T16:53:09.630] [DEBUG] debug-file - Hvigor init with startParameters:{
  hvigorfileTypeCheck: false,
  parallelExecution: true,
  incrementalExecution: true,
  printStackTrace: false,
  daemon: false,
  analyze: 0,
  logLevel: Level { level: 20000, levelStr: 'INFO', colour: 'green' },
  optimizationStrategy: 'memory',
  hotCompile: undefined,
  hotReloadBuild: undefined,
  customizedParam: undefined
}
[2026-04-21T16:53:11.647] [DEBUG] debug-file - hvigorfile, require result:  { default: { system: [Function: appTasks], plugins: [] } }
[2026-04-21T16:53:11.649] [DEBUG] debug-file - Starting plugin build process
[2026-04-21T16:53:11.833] [DEBUG] debug-file - App plugin register hook start...
[2026-04-21T16:53:11.835] [DEBUG] debug-file - Start initialize project's product build option map with build mode debug.
[2026-04-21T16:53:11.839] [DEBUG] debug-file - Obtain build option for product 'default'in this build.
[2026-04-21T16:53:11.850] [DEBUG] debug-file - Start recording SDK configuration permission data.
[2026-04-21T16:53:11.914] [DEBUG] debug-file - failed to load cangjie to dynamically generate schemas: Error: Cannot find module '@ohos/cangjie-build-support/index'
Require stack:
- C:\Program Files\Huawei\DevEco Studio\tools\hvigor\hvigor-ohos-plugin\src\plugin\hooks\cangjie-register.js
- C:\Program Files\Huawei\DevEco Studio\tools\hvigor\hvigor-ohos-plugin\src\plugin\strategy\stage-init-strategy.js
- C:\Program Files\Huawei\DevEco Studio\tools\hvigor\hvigor-ohos-plugin\src\plugin\builder\abstract-plugin-builder.js
- C:\Program Files\Huawei\DevEco Studio\tools\hvigor\hvigor-ohos-plugin\src\plugin\builder\app-plugin-builder.js
- C:\Program Files\Huawei\DevEco Studio\tools\hvigor\hvigor-ohos-plugin\src\plugin\factory\plugin-factory.js
- C:\Program Files\Huawei\DevEco Studio\tools\hvigor\hvigor-ohos-plugin\index.js
- C:\Users\31293\Desktop\audio-capturer-record-pcm-master\hvigorfile.ts
- C:\Program Files\Huawei\DevEco Studio\tools\hvigor\hvigor\src\base\internal\lifecycle\configuration.js
- C:\Program Files\Huawei\DevEco Studio\tools\hvigor\hvigor\src\base\boot\index.js
- C:\Program Files\Huawei\DevEco Studio\tools\hvigor\hvigor\src\cli\main\cli.js
- C:\Program Files\Huawei\DevEco Studio\tools\hvigor\hvigor\bin\hvigor.js
[2026-04-21T16:53:11.903] [DEBUG] debug-file - Project task initialization takes 9 ms 
[2026-04-21T16:53:11.946] [DEBUG] debug-file - project has submodules:entry
[2026-04-21T16:53:11.933] [DEBUG] debug-file - Start initialize module-target build option map, moduleName=entry, buildMode=debug
[2026-04-21T16:53:11.963] [DEBUG] debug-file - Start to initialize dependency information.
[2026-04-21T16:53:11.948] [DEBUG] debug-file - start to load updatedOhPackageInfo to the disk
[2026-04-21T16:53:11.981] [DEBUG] debug-file - entry : clean cost memory 0.11236572265625
[2026-04-21T16:53:09.058] [DEBUG] debug-file - env: hvigor-config.json5 content = {
  modelVersion: '6.0.0',
  dependencies: {},
  execution: {},
  logging: {},
  debugging: {},
  nodeOptions: {}
}
[2026-04-21T16:53:12.027] [DEBUG] debug-file - Create  resident worker with id: 0.
[2026-04-21T16:53:09.630] [DEBUG] debug-file - Since current hvigor version 6.22.4 differs from last hvigor version 
      undefined, delete file-cache.json and task-cache.json.
[2026-04-21T16:53:11.647] [DEBUG] debug-file - hvigorfile, binding system plugins [Function: appTasks]
[2026-04-21T16:53:11.649] [DEBUG] debug-file - App plugin prepare start...
[2026-04-21T16:53:11.833] [DEBUG] debug-file - App plugin register hook end...
[2026-04-21T16:53:11.835] [DEBUG] debug-file - Picking option from product 'default' with build mode 'debug'.
[2026-04-21T16:53:11.840] [DEBUG] debug-file - No signingConfig found, initRemoteHspCache failed.
[2026-04-21T16:53:11.903] [DEBUG] debug-file - hvigorfile, binding custom plugins []
[2026-04-21T16:53:11.892] [DEBUG] debug-file - Sdk init in 50 ms 
[2026-04-21T16:53:11.933] [DEBUG] debug-file - Target 'default' config initialized
[2026-04-21T16:53:11.967] [DEBUG] debug-file - Module entry Collected Dependency: 
[2026-04-21T16:53:11.955] [DEBUG] debug-file - load to the disk finished
[2026-04-21T16:53:11.982] [DEBUG] debug-file - runTaskFromQueue task cost before running: 2 s 363 ms 
[2026-04-21T16:53:09.060] [DEBUG] debug-file - env: daemon=false
[2026-04-21T16:53:12.028] [DEBUG] debug-file - Create  resident worker with id: 1.
[2026-04-21T16:53:09.631] [DEBUG] debug-file - Cache service initialization finished in 1 ms 
[2026-04-21T16:53:11.649] [DEBUG] debug-file - App plugin prepare end...
[2026-04-21T16:53:11.833] [DEBUG] debug-file - Plugin build process completed
[2026-04-21T16:53:11.835] [DEBUG] debug-file - Product 'default' build option initialized
[2026-04-21T16:53:11.843] [DEBUG] debug-file - Local scan or download HarmonyOS sdk components toolchains,ets,js,native,previewer
[2026-04-21T16:53:11.903] [DEBUG] debug-file - hvigorfile, no custom plugins were found in C:\Users\31293\Desktop\audio-capturer-record-pcm-master\hvigorfile.ts
[2026-04-21T16:53:11.934] [DEBUG] debug-file - Module 'entry' target 'default' build option initialized
[2026-04-21T16:53:11.967] [DEBUG] debug-file - Module entry's total dependency: 0
[2026-04-21T16:53:11.983] [INFO] debug-file - Finished :entry:clean... after 4 ms 
[2026-04-21T16:53:11.957] [DEBUG] debug-file - Start to initialize dependency information.
[2026-04-21T16:53:09.060] [DEBUG] debug-file - no-daemon, use the parent process.execArgv --max-old-space-size=8192,--max-semi-space-size=16,--expose-gc
[2026-04-21T16:53:12.030] [DEBUG] debug-file - Current worker pool is stopped or closed.
[2026-04-21T16:53:09.633] [DEBUG] debug-file - hvigorfile, resolving C:\Users\31293\Desktop\audio-capturer-record-pcm-master\hvigorfile.ts
[2026-04-21T16:53:11.835] [DEBUG] debug-file - End initialize project's product build option map with build mode 'debug'.
[2026-04-21T16:53:11.649] [DEBUG] debug-file - App plugin creating...
[2026-04-21T16:53:11.847] [DEBUG] debug-file - Local scan or download hmscore sdk components toolchains,ets,native
[2026-04-21T16:53:11.903] [DEBUG] debug-file - hvigorfile, resolve finished C:\Users\31293\Desktop\audio-capturer-record-pcm-master\hvigorfile.ts
[2026-04-21T16:53:11.934] [DEBUG] debug-file - End initialize module-target build option map, moduleName=entry
[2026-04-21T16:53:11.974] [DEBUG] debug-file - Configuration phase cost:2 s 343 ms 
[2026-04-21T16:53:11.984] [DEBUG] debug-file - Executing task ::clean
[2026-04-21T16:53:11.960] [DEBUG] debug-file - Module audio-capturer-record-pcm-master Collected Dependency: 
[2026-04-21T16:53:12.031] [DEBUG] debug-file - Clear worker 0.
[2026-04-21T16:53:11.904] [DEBUG] debug-file - hvigorfile, resolving C:\Users\31293\Desktop\audio-capturer-record-pcm-master\entry\hvigorfile.ts
[2026-04-21T16:53:11.934] [DEBUG] debug-file - Start initialize module-target build option map, moduleName=entry, buildMode=release
[2026-04-21T16:53:11.978] [DEBUG] debug-file - Configuration task cost before running: 2 s 359 ms 
[2026-04-21T16:53:11.960] [DEBUG] debug-file - Module audio-capturer-record-pcm-master's total dependency: 0
[2026-04-21T16:53:11.984] [DEBUG] debug-file - clean: Worker pool is inactive.
[2026-04-21T16:53:12.031] [DEBUG] debug-file - Worker 0 has been cleared.
[2026-04-21T16:53:11.912] [DEBUG] debug-file - hvigorfile, require result:  { default: { system: [Function: hapTasks], plugins: [] } }
[2026-04-21T16:53:11.934] [DEBUG] debug-file - Target 'default' config initialized
[2026-04-21T16:53:11.978] [DEBUG] debug-file - Executing task :entry:clean
[2026-04-21T16:53:11.984] [DEBUG] debug-file - audio-capturer-record-pcm-master : clean cost memory 0.02032470703125
[2026-04-21T16:53:12.031] [DEBUG] debug-file - Current idle worker size: 1.
[2026-04-21T16:53:11.912] [DEBUG] debug-file - hvigorfile, binding system plugins [Function: hapTasks]
[2026-04-21T16:53:11.935] [DEBUG] debug-file - Module 'entry' target 'default' build option initialized
[2026-04-21T16:53:11.979] [DEBUG] debug-file - clean: Worker pool is inactive.
[2026-04-21T16:53:12.031] [DEBUG] debug-file - Current busy worker size: 0.
[2026-04-21T16:53:11.913] [DEBUG] debug-file - Starting plugin build process
[2026-04-21T16:53:11.935] [DEBUG] debug-file - End initialize module-target build option map, moduleName=entry
[2026-04-21T16:53:11.984] [DEBUG] debug-file - runTaskFromQueue task cost before running: 2 s 365 ms 
[2026-04-21T16:53:12.031] [DEBUG] debug-file - Clear worker 1.
[2026-04-21T16:53:11.913] [DEBUG] debug-file - Hap plugin creating...
[2026-04-21T16:53:11.935] [DEBUG] debug-file - Start initialize module-target build option map, moduleName=entry, buildMode=debug
[2026-04-21T16:53:11.984] [INFO] debug-file - Finished ::clean... after 1 ms 
[2026-04-21T16:53:12.031] [DEBUG] debug-file - Worker 1 has been cleared.
[2026-04-21T16:53:11.935] [DEBUG] debug-file - Target 'default' config initialized
[2026-04-21T16:53:11.984] [DEBUG] debug-file - Executing task :entry:init
[2026-04-21T16:53:12.031] [DEBUG] debug-file - Current idle worker size: 0.
[2026-04-21T16:53:11.935] [DEBUG] debug-file - Module 'entry' target 'default' build option initialized
[2026-04-21T16:53:11.984] [DEBUG] debug-file - entry : init cost memory 0.01263427734375
[2026-04-21T16:53:12.031] [DEBUG] debug-file - Current busy worker size: 0.
[2026-04-21T16:53:11.984] [DEBUG] debug-file - runTaskFromQueue task cost before running: 2 s 366 ms 
[2026-04-21T16:53:11.935] [DEBUG] debug-file - End initialize module-target build option map, moduleName=entry
[2026-04-21T16:53:12.032] [DEBUG] debug-file - hvigor build process will be closed.
[2026-04-21T16:53:11.985] [INFO] debug-file - Finished :entry:init... after 1 ms 
[2026-04-21T16:53:11.936] [DEBUG] debug-file - Obtain build option for module 'entry' target 'default'in this build.
[2026-04-21T16:53:12.037] [DEBUG] debug-file - worker[0] exits with exit code 0.
[2026-04-21T16:53:11.985] [DEBUG] debug-file - Executing task ::init
[2026-04-21T16:53:11.943] [DEBUG] debug-file - Module entry task initialization takes 7 ms 
[2026-04-21T16:53:12.039] [DEBUG] debug-file - worker[1] exits with exit code 0.
[2026-04-21T16:53:11.985] [DEBUG] debug-file - audio-capturer-record-pcm-master : init cost memory 0.01161956787109375
[2026-04-21T16:53:11.943] [DEBUG] debug-file - Hap plugin register hook start...
[2026-04-21T16:53:12.040] [DEBUG] debug-file - Current worker pool is terminated.
[2026-04-21T16:53:11.985] [DEBUG] debug-file - runTaskFromQueue task cost before running: 2 s 367 ms 
[2026-04-21T16:53:11.943] [DEBUG] debug-file - Hap plugin register hook end...
[2026-04-21T16:53:11.985] [INFO] debug-file - Finished ::init... after 1 ms 
[2026-04-21T16:53:11.943] [DEBUG] debug-file - Plugin build process completed
[2026-04-21T16:53:12.009] [DEBUG] debug-file - Obtain build option for module 'entry' target 'default'in this build.
[2026-04-21T16:53:11.944] [DEBUG] debug-file - hvigorfile, binding custom plugins []
[2026-04-21T16:53:12.022] [DEBUG] debug-file - Since there is no instance or instance is terminated, create a new worker pool.
[2026-04-21T16:53:11.944] [DEBUG] debug-file - hvigorfile, no custom plugins were found in C:\Users\31293\Desktop\audio-capturer-record-pcm-master\entry\hvigorfile.ts
[2026-04-21T16:53:12.022] [DEBUG] debug-file - Worker pool is initialized with config:  {
  minPoolNum: 2,
  maxPoolNum: undefined,
  maxCoreSize: undefined,
  cacheCapacity: undefined,
  cacheTtl: undefined
}
[2026-04-21T16:53:11.944] [DEBUG] debug-file - hvigorfile, resolve finished C:\Users\31293\Desktop\audio-capturer-record-pcm-master\entry\hvigorfile.ts
